------PRINTING SOME USEFUL INFO---------
----------------------------------------
Real box volume = 181686.023681 bohrs^3 
----------------------------------------
Total # of valid grid points = 1559403 
ESP sum over full grid = -7.670136e-06 
ESP sum over valid grid points = -4.240367e+04 
Cutoff radius = 15.000000 
Real space sum cells
# of cells in 1 direction = 1
# of cells in 2 direction = 1
# of cells in 3 direction = 1
Reciprocal space parameters
Width of Gaussian (alpha) = 0.043865
error flag = 0 (no error), eflag = 0

Fitted charges ordered as within the cube file
Charge 1 of type 8 = -0.623910
Charge 2 of type 8 = -0.623881
Charge 3 of type 8 = -0.623884
Charge 4 of type 8 = -0.623886
Charge 5 of type 8 = -0.618937
Charge 6 of type 8 = -0.618916
Charge 7 of type 8 = -0.618908
Charge 8 of type 8 = -0.618906
Charge 9 of type 6 = 0.711986
Charge 10 of type 6 = 0.711901
Charge 11 of type 6 = 0.712010
Charge 12 of type 6 = 0.711929
Charge 13 of type 8 = -0.652801
Charge 14 of type 8 = -0.652862
Charge 15 of type 8 = -0.652810
Charge 16 of type 8 = -0.652852
Charge 17 of type 8 = -0.663247
Charge 18 of type 8 = -0.663264
Charge 19 of type 8 = -0.663208
Charge 20 of type 8 = -0.663230
Charge 21 of type 6 = 0.684513
Charge 22 of type 6 = 0.684329
Charge 23 of type 6 = 0.684363
Charge 24 of type 6 = 0.684241
Charge 25 of type 29 = 1.038308
Charge 26 of type 29 = 1.038308
Charge 27 of type 29 = 1.036589
Charge 28 of type 29 = 1.036558
Charge 29 of type 6 = -0.014937
Charge 30 of type 6 = -0.014729
Charge 31 of type 6 = -0.014934
Charge 32 of type 6 = -0.014742
Charge 33 of type 6 = -0.064210
Charge 34 of type 6 = -0.064494
Charge 35 of type 6 = -0.064258
Charge 36 of type 6 = -0.064493
Charge 37 of type 1 = 0.049214
Charge 38 of type 1 = 0.049337
Charge 39 of type 1 = 0.049227
Charge 40 of type 1 = 0.049336
Charge 41 of type 1 = 0.035195
Charge 42 of type 1 = 0.035086
Charge 43 of type 1 = 0.035194
Charge 44 of type 1 = 0.035087
Charge 45 of type 6 = 0.158687
Charge 46 of type 6 = 0.158673
Charge 47 of type 6 = 0.158750
Charge 48 of type 6 = 0.158724
Charge 49 of type 6 = -0.096664
Charge 50 of type 6 = -0.096715
Charge 51 of type 6 = -0.096673
Charge 52 of type 6 = -0.096713
Charge 53 of type 6 = -0.077384
Charge 54 of type 6 = -0.077325
Charge 55 of type 6 = -0.077428
Charge 56 of type 6 = -0.077355
Charge 57 of type 6 = -0.059131
Charge 58 of type 6 = -0.059038
Charge 59 of type 6 = -0.059147
Charge 60 of type 6 = -0.059038
Charge 61 of type 6 = -0.085303
Charge 62 of type 6 = -0.085137
Charge 63 of type 6 = -0.085337
Charge 64 of type 6 = -0.085175
Charge 65 of type 6 = 0.141691
Charge 66 of type 6 = 0.141749
Charge 67 of type 6 = 0.141853
Charge 68 of type 6 = 0.141837
Charge 69 of type 1 = 0.061599
Charge 70 of type 1 = 0.061573
Charge 71 of type 1 = 0.061595
Charge 72 of type 1 = 0.061569
Charge 73 of type 1 = 0.058916
Charge 74 of type 1 = 0.058904
Charge 75 of type 1 = 0.058934
Charge 76 of type 1 = 0.058911
Charge 77 of type 1 = 0.048525
Charge 78 of type 1 = 0.048469
Charge 79 of type 1 = 0.048528
Charge 80 of type 1 = 0.048469
Charge 81 of type 1 = 0.059920
Charge 82 of type 1 = 0.059871
Charge 83 of type 1 = 0.059925
Charge 84 of type 1 = 0.059875
Charge 85 of type 6 = -0.230397
Charge 86 of type 6 = -0.230147
Charge 87 of type 6 = -0.230397
Charge 88 of type 6 = -0.230143
Charge 89 of type 1 = 0.145357
Charge 90 of type 1 = 0.145355
Charge 91 of type 1 = 0.145357
Charge 92 of type 1 = 0.145355
Charge 93 of type 6 = -0.034385
Charge 94 of type 6 = -0.034690
Charge 95 of type 6 = -0.034375
Charge 96 of type 6 = -0.034701
Charge 97 of type 1 = 0.104848
Charge 98 of type 1 = 0.104782
Charge 99 of type 1 = 0.104842
Charge 100 of type 1 = 0.104783
Charge 101 of type 6 = -0.096461
Charge 102 of type 6 = -0.096418
Charge 103 of type 6 = -0.096477
Charge 104 of type 6 = -0.096392
Charge 105 of type 6 = -0.062816
Charge 106 of type 6 = -0.062501
Charge 107 of type 6 = -0.062804
Charge 108 of type 6 = -0.062507
Charge 109 of type 1 = 0.126657
Charge 110 of type 1 = 0.126528
Charge 111 of type 1 = 0.126653
Charge 112 of type 1 = 0.126530
Charge 113 of type 6 = -0.225518
Charge 114 of type 6 = -0.225774
Charge 115 of type 6 = -0.225525
Charge 116 of type 6 = -0.225778
Charge 117 of type 1 = 0.145390
Charge 118 of type 1 = 0.145393
Charge 119 of type 1 = 0.145392
Charge 120 of type 1 = 0.145394
Charge 121 of type 6 = 0.311933
Charge 122 of type 6 = 0.312101
Charge 123 of type 6 = 0.311929
Charge 124 of type 6 = 0.312095
Charge 125 of type 6 = -0.171442
Charge 126 of type 6 = -0.171482
Charge 127 of type 6 = -0.171432
Charge 128 of type 6 = -0.171471
Charge 129 of type 6 = -0.158824
Charge 130 of type 6 = -0.158817
Charge 131 of type 6 = -0.158832
Charge 132 of type 6 = -0.158825
Charge 133 of type 6 = -0.221532
Charge 134 of type 6 = -0.221510
Charge 135 of type 6 = -0.221525
Charge 136 of type 6 = -0.221500
Charge 137 of type 1 = 0.138955
Charge 138 of type 1 = 0.138945
Charge 139 of type 1 = 0.138951
Charge 140 of type 1 = 0.138940
Charge 141 of type 6 = -0.038002
Charge 142 of type 6 = -0.038022
Charge 143 of type 6 = -0.037987
Charge 144 of type 6 = -0.038026
Charge 145 of type 1 = 0.111026
Charge 146 of type 1 = 0.111033
Charge 147 of type 1 = 0.111021
Charge 148 of type 1 = 0.111034
Charge 149 of type 6 = -0.094856
Charge 150 of type 6 = -0.094782
Charge 151 of type 6 = -0.094904
Charge 152 of type 6 = -0.094797
Charge 153 of type 6 = -0.052724
Charge 154 of type 6 = -0.052765
Charge 155 of type 6 = -0.052712
Charge 156 of type 6 = -0.052773
Charge 157 of type 1 = 0.116168
Charge 158 of type 1 = 0.116179
Charge 159 of type 1 = 0.116162
Charge 160 of type 1 = 0.116183
Charge 161 of type 6 = -0.216453
Charge 162 of type 6 = -0.216427
Charge 163 of type 6 = -0.216447
Charge 164 of type 6 = -0.216419
Charge 165 of type 1 = 0.138884
Charge 166 of type 1 = 0.138878
Charge 167 of type 1 = 0.138881
Charge 168 of type 1 = 0.138874
Charge 169 of type 6 = 0.298669
Charge 170 of type 6 = 0.298651
Charge 171 of type 6 = 0.298668
Charge 172 of type 6 = 0.298651
Charge 173 of type 8 = -0.620906
Charge 174 of type 8 = -0.620798
Charge 175 of type 8 = -0.620898
Charge 176 of type 8 = -0.620770
Charge 177 of type 6 = 0.701544
Charge 178 of type 6 = 0.701510
Charge 179 of type 8 = -0.646276
Charge 180 of type 8 = -0.646367
Charge 181 of type 8 = -0.646262
Charge 182 of type 8 = -0.646352
Charge 183 of type 8 = -0.661324
Charge 184 of type 8 = -0.661141
Charge 185 of type 8 = -0.661297
Charge 186 of type 8 = -0.661109
Charge 187 of type 6 = 0.677414
Charge 188 of type 6 = 0.677376
Charge 189 of type 6 = 0.677365
Charge 190 of type 6 = 0.677306
Charge 191 of type 29 = 1.030883
Charge 192 of type 29 = 1.031015
Charge 193 of type 29 = 1.030854
Charge 194 of type 29 = 1.030969
Charge 195 of type 8 = -0.617883
Charge 196 of type 8 = -0.617882
Charge 197 of type 8 = -0.617858
Charge 198 of type 8 = -0.617833
Charge 199 of type 6 = 0.712136
Charge 200 of type 6 = 0.712100
Charge 201 of type 8 = -0.622725
Charge 202 of type 8 = -0.622787
Charge 203 of type 8 = -0.622742
Charge 204 of type 8 = -0.622805
Charge 205 of type 6 = 0.704359
Charge 206 of type 6 = 0.704398
Charge 207 of type 8 = -0.632108
Charge 208 of type 8 = -0.632225
Charge 209 of type 8 = -0.632121
Charge 210 of type 8 = -0.632232
Charge 211 of type 8 = -0.613586
Charge 212 of type 8 = -0.613426
Charge 213 of type 8 = -0.613590
Charge 214 of type 8 = -0.613427
Charge 215 of type 6 = 0.722377
Charge 216 of type 6 = 0.722367
Charge 217 of type 6 = 0.722393
Charge 218 of type 6 = 0.722337
Charge 219 of type 29 = 1.017412
Charge 220 of type 29 = 1.017429
Charge 221 of type 29 = 1.017426
Charge 222 of type 29 = 1.017445
Charge 223 of type 8 = -0.622134
Charge 224 of type 8 = -0.622098
Charge 225 of type 8 = -0.622132
Charge 226 of type 8 = -0.622105
Charge 227 of type 6 = 0.704993
Charge 228 of type 6 = 0.705008
Charge 229 of type 6 = -0.233772
Charge 230 of type 6 = -0.233851
Charge 231 of type 6 = -0.233774
Charge 232 of type 6 = -0.233852
Charge 233 of type 1 = 0.145994
Charge 234 of type 1 = 0.146030
Charge 235 of type 1 = 0.145994
Charge 236 of type 1 = 0.146030
Charge 237 of type 6 = -0.059440
Charge 238 of type 6 = -0.059501
Charge 239 of type 6 = -0.059439
Charge 240 of type 6 = -0.059504
Charge 241 of type 1 = 0.118462
Charge 242 of type 1 = 0.118488
Charge 243 of type 1 = 0.118462
Charge 244 of type 1 = 0.118491
Charge 245 of type 6 = -0.067980
Charge 246 of type 6 = -0.067985
Charge 247 of type 6 = 0.324832
Charge 248 of type 6 = 0.324840
Charge 249 of type 6 = -0.177509
Charge 250 of type 6 = -0.177518
Charge 251 of type 6 = -0.153093
Charge 252 of type 6 = -0.153096
Charge 253 of type 6 = -0.216309
Charge 254 of type 6 = -0.216322
Charge 255 of type 6 = -0.216295
Charge 256 of type 6 = -0.216311
Charge 257 of type 1 = 0.137891
Charge 258 of type 1 = 0.137885
Charge 259 of type 1 = 0.137887
Charge 260 of type 1 = 0.137881
Charge 261 of type 6 = -0.063713
Charge 262 of type 6 = -0.063715
Charge 263 of type 6 = -0.063730
Charge 264 of type 6 = -0.063732
Charge 265 of type 1 = 0.120256
Charge 266 of type 1 = 0.120296
Charge 267 of type 1 = 0.120261
Charge 268 of type 1 = 0.120301
Charge 269 of type 6 = -0.066243
Charge 270 of type 6 = -0.066220
Charge 271 of type 6 = 0.298233
Charge 272 of type 6 = 0.298223
Charge 273 of type 6 = -0.231857
Charge 274 of type 6 = -0.231759
Charge 275 of type 6 = -0.231923
Charge 276 of type 6 = -0.231890
Charge 277 of type 1 = 0.145697
Charge 278 of type 1 = 0.145647
Charge 279 of type 1 = 0.145707
Charge 280 of type 1 = 0.145673
Charge 281 of type 6 = -0.061978
Charge 282 of type 6 = -0.062112
Charge 283 of type 6 = -0.061939
Charge 284 of type 6 = -0.061994
Charge 285 of type 1 = 0.118977
Charge 286 of type 1 = 0.119047
Charge 287 of type 1 = 0.118977
Charge 288 of type 1 = 0.119031
Charge 289 of type 6 = -0.063797
Charge 290 of type 6 = -0.063872
Charge 291 of type 6 = 0.319839
Charge 292 of type 6 = 0.319945
Charge 293 of type 6 = -0.170899
Charge 294 of type 6 = -0.170933
Charge 295 of type 6 = -0.160546
Charge 296 of type 6 = -0.160565
Charge 297 of type 6 = -0.223372
Charge 298 of type 6 = -0.223388
Charge 299 of type 6 = -0.223364
Charge 300 of type 6 = -0.223382
Charge 301 of type 1 = 0.139174
Charge 302 of type 1 = 0.139120
Charge 303 of type 1 = 0.139171
Charge 304 of type 1 = 0.139117
Charge 305 of type 6 = -0.051441
Charge 306 of type 6 = -0.051454
Charge 307 of type 6 = -0.051477
Charge 308 of type 6 = -0.051471
Charge 309 of type 1 = 0.119672
Charge 310 of type 1 = 0.119605
Charge 311 of type 1 = 0.119689
Charge 312 of type 1 = 0.119608
Charge 313 of type 6 = -0.096486
Charge 314 of type 6 = -0.096461
Charge 315 of type 6 = 0.308639
Charge 316 of type 6 = 0.308650

ESP Coulomb average = -4.967559e-16
ESP QM average = -1.463113e-16
Error of the potential = 0.271019
