------PRINTING SOME USEFUL INFO---------
----------------------------------------
Real box volume = 134354.431589 bohrs^3 
----------------------------------------
Total # of valid grid points = 2329238 
ESP sum over full grid = 1.631831e-04 
ESP sum over valid grid points = -1.279414e+05 
Cutoff radius = 15.000000 
Real space sum cells
# of cells in 1 direction = 1
# of cells in 2 direction = 1
# of cells in 3 direction = 1
Reciprocal space parameters
Width of Gaussian (alpha) = 0.043865
error flag = 0 (no error), eflag = 0

Fitted charges ordered as within the cube file
Charge 1 of type 6 = -0.049820
Charge 2 of type 6 = -0.111868
Charge 3 of type 6 = -0.281176
Charge 4 of type 6 = 0.519665
Charge 5 of type 6 = -0.498269
Charge 6 of type 6 = 0.066799
Charge 7 of type 7 = -0.554912
Charge 8 of type 6 = 0.020582
Charge 9 of type 6 = -0.087928
Charge 10 of type 6 = -0.339602
Charge 11 of type 6 = 0.443264
Charge 12 of type 6 = -0.298122
Charge 13 of type 6 = -0.072746
Charge 14 of type 6 = 0.108157
Charge 15 of type 6 = -0.187328
Charge 16 of type 6 = -0.214537
Charge 17 of type 6 = 0.367049
Charge 18 of type 6 = -0.336377
Charge 19 of type 6 = -0.133444
Charge 20 of type 6 = 0.047346
Charge 21 of type 6 = -0.129797
Charge 22 of type 6 = -0.135916
Charge 23 of type 6 = 0.066980
Charge 24 of type 6 = -0.090713
Charge 25 of type 6 = -0.173164
Charge 26 of type 6 = 0.147079
Charge 27 of type 6 = -0.056846
Charge 28 of type 6 = -0.200578
Charge 29 of type 6 = 0.130862
Charge 30 of type 6 = -0.067352
Charge 31 of type 6 = -0.265194
Charge 32 of type 6 = -0.005820
Charge 33 of type 6 = -0.184044
Charge 34 of type 6 = -0.156847
Charge 35 of type 6 = 0.112297
Charge 36 of type 6 = -0.224982
Charge 37 of type 6 = 0.027072
Charge 38 of type 1 = 0.110360
Charge 39 of type 1 = 0.145824
Charge 40 of type 1 = 0.231561
Charge 41 of type 1 = 0.062832
Charge 42 of type 1 = 0.096605
Charge 43 of type 1 = 0.194384
Charge 44 of type 1 = 0.144465
Charge 45 of type 1 = 0.106232
Charge 46 of type 1 = 0.131039
Charge 47 of type 1 = 0.130691
Charge 48 of type 1 = 0.172812
Charge 49 of type 1 = 0.112265
Charge 50 of type 1 = 0.110801
Charge 51 of type 1 = 0.100327
Charge 52 of type 1 = 0.106895
Charge 53 of type 1 = 0.118448
Charge 54 of type 1 = 0.086875
Charge 55 of type 1 = 0.113056
Charge 56 of type 1 = 0.101165
Charge 57 of type 1 = 0.127797
Charge 58 of type 1 = 0.120497
Charge 59 of type 1 = 0.120347
Charge 60 of type 1 = 0.114175
Charge 61 of type 1 = 0.042759
Charge 62 of type 6 = 0.070624
Charge 63 of type 6 = -0.150462
Charge 64 of type 6 = -0.261654
Charge 65 of type 6 = 0.421043
Charge 66 of type 6 = -0.246612
Charge 67 of type 6 = -0.163917
Charge 68 of type 7 = -0.524202
Charge 69 of type 6 = 0.074834
Charge 70 of type 6 = -0.148777
Charge 71 of type 6 = -0.261315
Charge 72 of type 6 = 0.350599
Charge 73 of type 6 = -0.249942
Charge 74 of type 6 = -0.105883
Charge 75 of type 6 = 0.101195
Charge 76 of type 6 = -0.197531
Charge 77 of type 6 = -0.182843
Charge 78 of type 6 = 0.345543
Charge 79 of type 6 = -0.289615
Charge 80 of type 6 = -0.120199
Charge 81 of type 6 = 0.251780
Charge 82 of type 6 = -0.221469
Charge 83 of type 6 = -0.128011
Charge 84 of type 6 = 0.066287
Charge 85 of type 6 = -0.131646
Charge 86 of type 6 = -0.287553
Charge 87 of type 6 = 0.072082
Charge 88 of type 6 = -0.178457
Charge 89 of type 6 = -0.139302
Charge 90 of type 6 = 0.073429
Charge 91 of type 6 = -0.130395
Charge 92 of type 6 = -0.136818
Charge 93 of type 6 = 0.276299
Charge 94 of type 6 = -0.309135
Charge 95 of type 6 = -0.082412
Charge 96 of type 6 = 0.007923
Charge 97 of type 6 = -0.104438
Charge 98 of type 6 = -0.213404
Charge 99 of type 1 = 0.137772
Charge 100 of type 1 = 0.142317
Charge 101 of type 1 = 0.149048
Charge 102 of type 1 = 0.120244
Charge 103 of type 1 = 0.118568
Charge 104 of type 1 = 0.149476
Charge 105 of type 1 = 0.140496
Charge 106 of type 1 = 0.101745
Charge 107 of type 1 = 0.143337
Charge 108 of type 1 = 0.116504
Charge 109 of type 1 = 0.149444
Charge 110 of type 1 = 0.117880
Charge 111 of type 1 = 0.123925
Charge 112 of type 1 = 0.117820
Charge 113 of type 1 = 0.122016
Charge 114 of type 1 = 0.146189
Charge 115 of type 1 = 0.121799
Charge 116 of type 1 = 0.118407
Charge 117 of type 1 = 0.102243
Charge 118 of type 1 = 0.122178
Charge 119 of type 1 = 0.170074
Charge 120 of type 1 = 0.099513
Charge 121 of type 1 = 0.104193
Charge 122 of type 1 = 0.108261
Charge 123 of type 6 = 0.051450
Charge 124 of type 6 = -0.147395
Charge 125 of type 6 = -0.253230
Charge 126 of type 6 = 0.408288
Charge 127 of type 6 = -0.253814
Charge 128 of type 6 = -0.159017
Charge 129 of type 7 = -0.528052
Charge 130 of type 6 = 0.032956
Charge 131 of type 6 = -0.141353
Charge 132 of type 6 = -0.251987
Charge 133 of type 6 = 0.384147
Charge 134 of type 6 = -0.274847
Charge 135 of type 6 = -0.100384
Charge 136 of type 6 = 0.012279
Charge 137 of type 6 = -0.119853
Charge 138 of type 6 = -0.233997
Charge 139 of type 6 = 0.359738
Charge 140 of type 6 = -0.279748
Charge 141 of type 6 = -0.097376
Charge 142 of type 6 = 0.161220
Charge 143 of type 6 = -0.224756
Charge 144 of type 6 = -0.108344
Charge 145 of type 6 = 0.075218
Charge 146 of type 6 = -0.134778
Charge 147 of type 6 = -0.213348
Charge 148 of type 6 = 0.089319
Charge 149 of type 6 = -0.167903
Charge 150 of type 6 = -0.178895
Charge 151 of type 6 = 0.131611
Charge 152 of type 6 = -0.140800
Charge 153 of type 6 = -0.190051
Charge 154 of type 6 = 0.126747
Charge 155 of type 6 = -0.211576
Charge 156 of type 6 = -0.120789
Charge 157 of type 6 = 0.088039
Charge 158 of type 6 = -0.100800
Charge 159 of type 6 = -0.226818
Charge 160 of type 1 = 0.118922
Charge 161 of type 1 = 0.145193
Charge 162 of type 1 = 0.150313
Charge 163 of type 1 = 0.124871
Charge 164 of type 1 = 0.116609
Charge 165 of type 1 = 0.144917
Charge 166 of type 1 = 0.143545
Charge 167 of type 1 = 0.117183
Charge 168 of type 1 = 0.112727
Charge 169 of type 1 = 0.135886
Charge 170 of type 1 = 0.146062
Charge 171 of type 1 = 0.109155
Charge 172 of type 1 = 0.119012
Charge 173 of type 1 = 0.111368
Charge 174 of type 1 = 0.115903
Charge 175 of type 1 = 0.122383
Charge 176 of type 1 = 0.118993
Charge 177 of type 1 = 0.130477
Charge 178 of type 1 = 0.116824
Charge 179 of type 1 = 0.118225
Charge 180 of type 1 = 0.129280
Charge 181 of type 1 = 0.112637
Charge 182 of type 1 = 0.113618
Charge 183 of type 1 = 0.133833
Charge 184 of type 6 = 0.046211
Charge 185 of type 6 = -0.103531
Charge 186 of type 6 = -0.177759
Charge 187 of type 6 = 0.170200
Charge 188 of type 6 = -0.103784
Charge 189 of type 6 = -0.197164
Charge 190 of type 7 = -0.389837
Charge 191 of type 6 = 0.075920
Charge 192 of type 6 = -0.126409
Charge 193 of type 6 = -0.298510
Charge 194 of type 6 = 0.412008
Charge 195 of type 6 = -0.170094
Charge 196 of type 6 = -0.211487
Charge 197 of type 6 = 0.160799
Charge 198 of type 6 = -0.304208
Charge 199 of type 6 = -0.108059
Charge 200 of type 6 = 0.311253
Charge 201 of type 6 = -0.224842
Charge 202 of type 6 = -0.254378
Charge 203 of type 6 = 0.147430
Charge 204 of type 6 = -0.200249
Charge 205 of type 6 = -0.130389
Charge 206 of type 6 = 0.082766
Charge 207 of type 6 = -0.143528
Charge 208 of type 6 = -0.188162
Charge 209 of type 6 = 0.128528
Charge 210 of type 6 = -0.185862
Charge 211 of type 6 = -0.158041
Charge 212 of type 6 = 0.126568
Charge 213 of type 6 = -0.182585
Charge 214 of type 6 = -0.194994
Charge 215 of type 6 = 0.090772
Charge 216 of type 6 = -0.130983
Charge 217 of type 6 = -0.199754
Charge 218 of type 6 = 0.142279
Charge 219 of type 6 = -0.164114
Charge 220 of type 6 = -0.188569
Charge 221 of type 1 = 0.089694
Charge 222 of type 1 = 0.116237
Charge 223 of type 1 = 0.089649
Charge 224 of type 1 = 0.131342
Charge 225 of type 1 = 0.120267
Charge 226 of type 1 = 0.147798
Charge 227 of type 1 = 0.113404
Charge 228 of type 1 = 0.134106
Charge 229 of type 1 = 0.143737
Charge 230 of type 1 = 0.099187
Charge 231 of type 1 = 0.156945
Charge 232 of type 1 = 0.131627
Charge 233 of type 1 = 0.123006
Charge 234 of type 1 = 0.118071
Charge 235 of type 1 = 0.116775
Charge 236 of type 1 = 0.114645
Charge 237 of type 1 = 0.118983
Charge 238 of type 1 = 0.122170
Charge 239 of type 1 = 0.129216
Charge 240 of type 1 = 0.121760
Charge 241 of type 1 = 0.104568
Charge 242 of type 1 = 0.127092
Charge 243 of type 1 = 0.114049
Charge 244 of type 1 = 0.127322
Charge 245 of type 30 = 1.171351
Charge 246 of type 30 = 1.360971
Charge 247 of type 8 = -0.690371
Charge 248 of type 8 = -0.591230
Charge 249 of type 8 = -0.705924
Charge 250 of type 6 = 0.791501
Charge 251 of type 8 = -1.053347
Charge 252 of type 6 = 0.809852
Charge 253 of type 8 = -0.729345
Charge 254 of type 8 = -0.690348
Charge 255 of type 8 = -1.191824
Charge 256 of type 8 = -0.718245
Charge 257 of type 8 = -0.773496
Charge 258 of type 8 = -0.625282
Charge 259 of type 30 = 1.121263
Charge 260 of type 30 = 1.329220
Charge 261 of type 30 = 1.475797
Charge 262 of type 6 = 0.823643
Charge 263 of type 6 = 0.662531
Charge 264 of type 8 = -0.680284
Charge 265 of type 30 = 1.229397
Charge 266 of type 8 = -0.717456
Charge 267 of type 8 = -0.640744
Charge 268 of type 8 = -0.614962
Charge 269 of type 8 = -0.758243
Charge 270 of type 6 = 0.856183
Charge 271 of type 8 = -1.191374
Charge 272 of type 6 = 0.627007
Charge 273 of type 8 = -0.619666
Charge 274 of type 8 = -0.701399
Charge 275 of type 8 = -0.556423
Charge 276 of type 8 = -1.188093
Charge 277 of type 30 = 1.213867
Charge 278 of type 6 = 0.678161
Charge 279 of type 6 = 0.936084
Charge 280 of type 1 = 0.415548
Charge 281 of type 1 = 0.337703
Charge 282 of type 30 = 1.195130
Charge 283 of type 30 = 1.271631
Charge 284 of type 8 = -0.690392
Charge 285 of type 8 = -0.622028
Charge 286 of type 8 = -0.737989
Charge 287 of type 6 = 0.903439
Charge 288 of type 8 = -0.996249
Charge 289 of type 6 = 0.640051
Charge 290 of type 8 = -0.773252
Charge 291 of type 8 = -0.743188
Charge 292 of type 8 = -1.168595
Charge 293 of type 8 = -0.804497
Charge 294 of type 8 = -0.639930
Charge 295 of type 8 = -0.611233
Charge 296 of type 30 = 1.118563
Charge 297 of type 30 = 1.338827
Charge 298 of type 30 = 1.525215
Charge 299 of type 6 = 0.490655
Charge 300 of type 6 = 0.949742
Charge 301 of type 8 = -0.728079
Charge 302 of type 30 = 1.303448
Charge 303 of type 8 = -0.571930
Charge 304 of type 8 = -0.493368
Charge 305 of type 8 = -0.680525
Charge 306 of type 8 = -0.878761
Charge 307 of type 6 = 0.834943
Charge 308 of type 8 = -1.263853
Charge 309 of type 6 = 0.827283
Charge 310 of type 8 = -0.621702
Charge 311 of type 8 = -0.732100
Charge 312 of type 8 = -0.716644
Charge 313 of type 8 = -1.191586
Charge 314 of type 30 = 1.195422
Charge 315 of type 6 = 0.728480
Charge 316 of type 6 = 1.043827
Charge 317 of type 1 = 0.374619
Charge 318 of type 1 = 0.344608
Charge 319 of type 6 = -0.107978
Charge 320 of type 6 = 0.029209
Charge 321 of type 6 = -0.251292
Charge 322 of type 6 = -0.118458
Charge 323 of type 6 = -0.015724
Charge 324 of type 6 = 0.063268
Charge 325 of type 1 = 0.197822
Charge 326 of type 1 = 0.123483
Charge 327 of type 6 = 0.179817
Charge 328 of type 6 = 0.086832
Charge 329 of type 6 = -0.212760
Charge 330 of type 1 = -0.047811
Charge 331 of type 1 = -0.017595
Charge 332 of type 1 = 0.034590
Charge 333 of type 1 = 0.042688
Charge 334 of type 1 = 0.096727
Charge 335 of type 6 = -0.309503
Charge 336 of type 1 = 0.059124
Charge 337 of type 1 = 0.013340
Charge 338 of type 1 = 0.042639
Charge 339 of type 1 = 0.059880
Charge 340 of type 1 = 0.109959
Charge 341 of type 6 = -0.086334
Charge 342 of type 6 = -0.103425
Charge 343 of type 6 = -0.002595
Charge 344 of type 6 = -0.279273
Charge 345 of type 6 = 0.121105
Charge 346 of type 6 = -0.189937
Charge 347 of type 1 = 0.090455
Charge 348 of type 1 = 0.098966
Charge 349 of type 6 = 0.296862
Charge 350 of type 6 = -0.009659
Charge 351 of type 6 = -0.119875
Charge 352 of type 1 = -0.004241
Charge 353 of type 1 = -0.069528
Charge 354 of type 1 = 0.077500
Charge 355 of type 1 = 0.017574
Charge 356 of type 1 = -0.007638
Charge 357 of type 6 = -0.019385
Charge 358 of type 1 = -0.001831
Charge 359 of type 1 = 0.043838
Charge 360 of type 1 = -0.013122
Charge 361 of type 1 = 0.016982
Charge 362 of type 1 = 0.063230
Charge 363 of type 6 = 0.151380
Charge 364 of type 6 = -0.022903
Charge 365 of type 6 = -0.145679
Charge 366 of type 6 = 0.090181
Charge 367 of type 6 = -0.013296
Charge 368 of type 6 = -0.208045
Charge 369 of type 1 = 0.120907
Charge 370 of type 1 = 0.127346
Charge 371 of type 17 = -0.077696
Charge 372 of type 17 = -0.063717
Charge 373 of type 6 = 0.095597
Charge 374 of type 6 = 0.030821
Charge 375 of type 6 = -0.167619
Charge 376 of type 6 = -0.067217
Charge 377 of type 6 = 0.025145
Charge 378 of type 6 = -0.154660
Charge 379 of type 1 = 0.128839
Charge 380 of type 1 = 0.119884
Charge 381 of type 17 = -0.073194
Charge 382 of type 17 = -0.073621
Charge 383 of type 6 = -0.164024
Charge 384 of type 6 = 0.082994
Charge 385 of type 6 = -0.211929
Charge 386 of type 6 = 0.154934
Charge 387 of type 6 = 0.020090
Charge 388 of type 6 = -0.152093
Charge 389 of type 1 = 0.134932
Charge 390 of type 1 = 0.138339
Charge 391 of type 17 = -0.104292
Charge 392 of type 17 = -0.084526
Charge 393 of type 6 = 0.234845
Charge 394 of type 6 = -0.022148
Charge 395 of type 6 = -0.165839
Charge 396 of type 6 = -0.104256
Charge 397 of type 6 = 0.288120
Charge 398 of type 6 = -0.407191
Charge 399 of type 1 = 0.141720
Charge 400 of type 1 = 0.159888
Charge 401 of type 17 = -0.078004
Charge 402 of type 17 = -0.170795
Charge 403 of type 6 = 0.134123
Charge 404 of type 6 = -0.000371
Charge 405 of type 6 = -0.162512
Charge 406 of type 6 = 0.096921
Charge 407 of type 6 = -0.015397
Charge 408 of type 6 = -0.188149
Charge 409 of type 1 = 0.126949
Charge 410 of type 1 = 0.121886
Charge 411 of type 17 = -0.065449
Charge 412 of type 17 = -0.049413
Charge 413 of type 6 = -0.213594
Charge 414 of type 6 = 0.133654
Charge 415 of type 6 = -0.215026
Charge 416 of type 6 = 0.176001
Charge 417 of type 6 = -0.037029
Charge 418 of type 6 = -0.071865
Charge 419 of type 1 = 0.132383
Charge 420 of type 1 = 0.114441
Charge 421 of type 17 = -0.124525
Charge 422 of type 17 = -0.056685
Charge 423 of type 6 = 0.113217
Charge 424 of type 6 = -0.027372
Charge 425 of type 6 = -0.065239
Charge 426 of type 6 = -0.085732
Charge 427 of type 6 = 0.026281
Charge 428 of type 6 = -0.156446
Charge 429 of type 1 = 0.094526
Charge 430 of type 1 = 0.127036
Charge 431 of type 17 = -0.076921
Charge 432 of type 17 = -0.066551
Charge 433 of type 6 = 0.110284
Charge 434 of type 6 = -0.014632
Charge 435 of type 6 = -0.051199
Charge 436 of type 6 = -0.073525
Charge 437 of type 6 = 0.216311
Charge 438 of type 6 = -0.311333
Charge 439 of type 1 = 0.100730
Charge 440 of type 1 = 0.137392
Charge 441 of type 17 = -0.090950
Charge 442 of type 17 = -0.098894
Charge 443 of type 6 = 0.066796
Charge 444 of type 6 = 0.008227
Charge 445 of type 6 = -0.118149
Charge 446 of type 6 = 0.082150
Charge 447 of type 6 = -0.063711
Charge 448 of type 6 = -0.157315
Charge 449 of type 1 = 0.094148
Charge 450 of type 1 = 0.102469
Charge 451 of type 17 = -0.123559
Charge 452 of type 17 = -0.041771
Charge 453 of type 6 = 0.073841
Charge 454 of type 6 = 0.040722
Charge 455 of type 6 = -0.111443
Charge 456 of type 6 = -0.012976
Charge 457 of type 6 = 0.024448
Charge 458 of type 6 = -0.188140
Charge 459 of type 1 = 0.102788
Charge 460 of type 1 = 0.116579
Charge 461 of type 17 = -0.096465
Charge 462 of type 17 = -0.054900
Charge 463 of type 6 = 0.177292
Charge 464 of type 6 = -0.030748
Charge 465 of type 6 = -0.104165
Charge 466 of type 6 = -0.125560
Charge 467 of type 6 = 0.101783
Charge 468 of type 6 = -0.221506
Charge 469 of type 1 = 0.146488
Charge 470 of type 1 = 0.136437
Charge 471 of type 17 = -0.074569
Charge 472 of type 17 = -0.110160
Charge 473 of type 6 = -0.047128
Charge 474 of type 6 = 0.116383
Charge 475 of type 6 = -0.297965
Charge 476 of type 6 = 0.268738
Charge 477 of type 6 = -0.073398
Charge 478 of type 6 = -0.172284
Charge 479 of type 1 = 0.120648
Charge 480 of type 1 = 0.162219
Charge 481 of type 17 = -0.073878
Charge 482 of type 17 = -0.028049

ESP Coulomb average = -1.817526e-15
ESP QM average = -4.384757e-16
Error of the potential = 0.248849
